[20-Feb-2020 11:26:19 UTC] PHP Parse error:  syntax error, unexpected '3' (T_LNUMBER), expecting ',' or ';' in C:\Users\20101\Local Sites\amazing-colleage\app\public\test.php on line 1
[20-Feb-2020 11:27:17 UTC] PHP Warning:  Use of undefined constant khalid - assumed 'khalid' (this will throw an Error in a future version of PHP) in C:\Users\20101\Local Sites\amazing-colleage\app\public\test.php on line 2
[20-Feb-2020 11:27:17 UTC] PHP Stack trace:
[20-Feb-2020 11:27:17 UTC] PHP   1. {main}() C:\Users\20101\Local Sites\amazing-colleage\app\public\test.php:0
[22-Feb-2020 11:02:47 UTC] PHP Parse error:  syntax error, unexpected '}', expecting ',' or ';' in C:\Users\20101\Local Sites\amazing-colleage\app\public\wp-content\themes\fractional-university-theme\index.php on line 7
[22-Feb-2020 11:02:54 UTC] PHP Parse error:  syntax error, unexpected '}', expecting ',' or ';' in C:\Users\20101\Local Sites\amazing-colleage\app\public\wp-content\themes\fractional-university-theme\index.php on line 7
[22-Feb-2020 11:02:56 UTC] PHP Parse error:  syntax error, unexpected '}', expecting ',' or ';' in C:\Users\20101\Local Sites\amazing-colleage\app\public\wp-content\themes\fractional-university-theme\index.php on line 7
[22-Feb-2020 11:02:56 UTC] PHP Parse error:  syntax error, unexpected '}', expecting ',' or ';' in C:\Users\20101\Local Sites\amazing-colleage\app\public\wp-content\themes\fractional-university-theme\index.php on line 7
[22-Feb-2020 11:03:46 UTC] PHP Parse error:  syntax error, unexpected '++' (T_INC) in C:\Users\20101\Local Sites\amazing-colleage\app\public\wp-content\themes\fractional-university-theme\index.php on line 7
[22-Feb-2020 11:54:56 UTC] PHP Parse error:  syntax error, unexpected '<' in C:\Users\20101\Local Sites\amazing-colleage\app\public\wp-content\themes\fractional-university-theme\index.php on line 6
[22-Feb-2020 11:55:47 UTC] PHP Parse error:  syntax error, unexpected '<' in C:\Users\20101\Local Sites\amazing-colleage\app\public\wp-content\themes\fractional-university-theme\index.php on line 6
[24-Feb-2020 04:27:21 UTC] PHP Fatal error:  Uncaught Error: Call to undefined function wp_enqueue_stye() in C:\Users\20101\Local Sites\amazing-colleage\app\public\wp-content\themes\fractional-university-theme\functions.php:3
Stack trace:
#0 C:\Users\20101\Local Sites\amazing-colleage\app\public\wp-includes\class-wp-hook.php(288): university_files('')
#1 C:\Users\20101\Local Sites\amazing-colleage\app\public\wp-includes\class-wp-hook.php(312): WP_Hook->apply_filters(NULL, Array)
#2 C:\Users\20101\Local Sites\amazing-colleage\app\public\wp-includes\plugin.php(478): WP_Hook->do_action(Array)
#3 C:\Users\20101\Local Sites\amazing-colleage\app\public\wp-includes\script-loader.php(2670): do_action('wp_enqueue_scri...')
#4 C:\Users\20101\Local Sites\amazing-colleage\app\public\wp-includes\class-wp-hook.php(288): wp_enqueue_scripts('')
#5 C:\Users\20101\Local Sites\amazing-colleage\app\public\wp-includes\class-wp-hook.php(312): WP_Hook->apply_filters(NULL, Array)
#6 C:\Users\20101\Local Sites\amazing-colleage\app\public\wp-includes\plugin.php(478): WP_Hook->do in C:\Users\20101\Local Sites\amazing-colleage\app\public\wp-content\themes\fractional-university-theme\functions.php on line 3
[01-Mar-2020 12:20:58 UTC] PHP Parse error:  syntax error, unexpected '/' in C:\Users\20101\Local Sites\amazing-colleage\app\public\wp-content\themes\fractional-university-theme\header.php on line 15
[01-Mar-2020 14:19:19 UTC] PHP Parse error:  syntax error, unexpected '}' in C:\Users\20101\Local Sites\amazing-colleage\app\public\wp-content\themes\fractional-university-theme\page.php on line 24
[01-Mar-2020 14:19:46 UTC] PHP Parse error:  syntax error, unexpected end of file in C:\Users\20101\Local Sites\amazing-colleage\app\public\wp-content\themes\fractional-university-theme\page.php on line 46
[01-Mar-2020 14:20:53 UTC] PHP Parse error:  syntax error, unexpected '<' in C:\Users\20101\Local Sites\amazing-colleage\app\public\wp-content\themes\fractional-university-theme\page.php on line 19
[01-Mar-2020 14:20:54 UTC] PHP Parse error:  syntax error, unexpected '<' in C:\Users\20101\Local Sites\amazing-colleage\app\public\wp-content\themes\fractional-university-theme\page.php on line 19
[01-Mar-2020 14:21:06 UTC] PHP Parse error:  syntax error, unexpected '}' in C:\Users\20101\Local Sites\amazing-colleage\app\public\wp-content\themes\fractional-university-theme\page.php on line 26
[02-Mar-2020 11:31:29 UTC] PHP Parse error:  syntax error, unexpected ';', expecting ')' in C:\Users\20101\Local Sites\amazing-colleage\app\public\wp-content\themes\fractional-university-theme\page.php on line 19
[02-Mar-2020 11:31:42 UTC] PHP Parse error:  syntax error, unexpected '}' in C:\Users\20101\Local Sites\amazing-colleage\app\public\wp-content\themes\fractional-university-theme\page.php on line 25
[02-Mar-2020 11:32:23 UTC] PHP Parse error:  syntax error, unexpected '}' in C:\Users\20101\Local Sites\amazing-colleage\app\public\wp-content\themes\fractional-university-theme\page.php on line 25
[02-Mar-2020 11:33:39 UTC] PHP Parse error:  syntax error, unexpected '}' in C:\Users\20101\Local Sites\amazing-colleage\app\public\wp-content\themes\fractional-university-theme\page.php on line 22
[02-Mar-2020 11:34:35 UTC] PHP Parse error:  syntax error, unexpected '}' in C:\Users\20101\Local Sites\amazing-colleage\app\public\wp-content\themes\fractional-university-theme\page.php on line 27
[02-Mar-2020 11:37:26 UTC] PHP Parse error:  syntax error, unexpected '}' in C:\Users\20101\Local Sites\amazing-colleage\app\public\wp-content\themes\fractional-university-theme\page.php on line 27
[02-Mar-2020 13:59:15 UTC] PHP Fatal error:  Uncaught Error: Call to undefined function wp_list_page() in C:\Users\20101\Local Sites\amazing-colleage\app\public\wp-content\themes\fractional-university-theme\page.php:38
Stack trace:
#0 C:\Users\20101\Local Sites\amazing-colleage\app\public\wp-includes\template-loader.php(98): include()
#1 C:\Users\20101\Local Sites\amazing-colleage\app\public\wp-blog-header.php(19): require_once('C:\\Users\\20101\\...')
#2 C:\Users\20101\Local Sites\amazing-colleage\app\public\index.php(17): require('C:\\Users\\20101\\...')
#3 {main}
  thrown in C:\Users\20101\Local Sites\amazing-colleage\app\public\wp-content\themes\fractional-university-theme\page.php on line 38
[02-Mar-2020 14:00:04 UTC] PHP Parse error:  syntax error, unexpected ';', expecting ')' in C:\Users\20101\Local Sites\amazing-colleage\app\public\wp-content\themes\fractional-university-theme\page.php on line 40
[02-Mar-2020 14:00:55 UTC] PHP Parse error:  syntax error, unexpected ';', expecting ')' in C:\Users\20101\Local Sites\amazing-colleage\app\public\wp-content\themes\fractional-university-theme\page.php on line 40
[02-Mar-2020 14:00:57 UTC] PHP Parse error:  syntax error, unexpected ';', expecting ')' in C:\Users\20101\Local Sites\amazing-colleage\app\public\wp-content\themes\fractional-university-theme\page.php on line 40
[02-Mar-2020 14:14:01 UTC] PHP Parse error:  syntax error, unexpected '}' in C:\Users\20101\Local Sites\amazing-colleage\app\public\wp-content\themes\fractional-university-theme\page.php on line 41
[02-Mar-2020 16:00:46 UTC] PHP Parse error:  syntax error, unexpected 'if' (T_IF) in C:\Users\20101\Local Sites\amazing-colleage\app\public\wp-content\themes\fractional-university-theme\page.php on line 37
[02-Mar-2020 16:03:43 UTC] PHP Parse error:  syntax error, unexpected ';', expecting ')' in C:\Users\20101\Local Sites\amazing-colleage\app\public\wp-content\themes\fractional-university-theme\page.php on line 35
[02-Mar-2020 16:03:49 UTC] PHP Parse error:  syntax error, unexpected 'if' (T_IF) in C:\Users\20101\Local Sites\amazing-colleage\app\public\wp-content\themes\fractional-university-theme\page.php on line 37
[08-Mar-2020 15:29:31 UTC] PHP Fatal error:  Uncaught Error: Call to undefined function blog_info() in C:\Users\20101\Local Sites\amazing-colleage\app\public\wp-content\themes\fractional-university-theme\header.php:4
Stack trace:
#0 C:\Users\20101\Local Sites\amazing-colleage\app\public\wp-includes\template.php(722): require_once()
#1 C:\Users\20101\Local Sites\amazing-colleage\app\public\wp-includes\template.php(671): load_template('C:\\Users\\20101\\...', true)
#2 C:\Users\20101\Local Sites\amazing-colleage\app\public\wp-includes\general-template.php(41): locate_template(Array, true)
#3 C:\Users\20101\Local Sites\amazing-colleage\app\public\wp-content\themes\fractional-university-theme\index.php(1): get_header()
#4 C:\Users\20101\Local Sites\amazing-colleage\app\public\wp-includes\template-loader.php(98): include('C:\\Users\\20101\\...')
#5 C:\Users\20101\Local Sites\amazing-colleage\app\public\wp-blog-header.php(19): require_once('C:\\Users\\20101\\...')
#6 C:\Users\20101\Local Sites\amazing-colleage\app\public\index.php(17): require('C:\\Users\\2010 in C:\Users\20101\Local Sites\amazing-colleage\app\public\wp-content\themes\fractional-university-theme\header.php on line 4
[08-Mar-2020 21:18:39 UTC] PHP Fatal error:  Uncaught Error: Call to undefined function the_exerpet() in C:\Users\20101\Local Sites\amazing-colleage\app\public\wp-content\themes\fractional-university-theme\index.php:20
Stack trace:
#0 C:\Users\20101\Local Sites\amazing-colleage\app\public\wp-includes\template-loader.php(98): include()
#1 C:\Users\20101\Local Sites\amazing-colleage\app\public\wp-blog-header.php(19): require_once('C:\\Users\\20101\\...')
#2 C:\Users\20101\Local Sites\amazing-colleage\app\public\index.php(17): require('C:\\Users\\20101\\...')
#3 {main}
  thrown in C:\Users\20101\Local Sites\amazing-colleage\app\public\wp-content\themes\fractional-university-theme\index.php on line 20
[08-Mar-2020 21:22:47 UTC] PHP Fatal error:  Uncaught Error: Call to undefined function the_excerpet() in C:\Users\20101\Local Sites\amazing-colleage\app\public\wp-content\themes\fractional-university-theme\index.php:23
Stack trace:
#0 C:\Users\20101\Local Sites\amazing-colleage\app\public\wp-includes\template-loader.php(98): include()
#1 C:\Users\20101\Local Sites\amazing-colleage\app\public\wp-blog-header.php(19): require_once('C:\\Users\\20101\\...')
#2 C:\Users\20101\Local Sites\amazing-colleage\app\public\index.php(17): require('C:\\Users\\20101\\...')
#3 {main}
  thrown in C:\Users\20101\Local Sites\amazing-colleage\app\public\wp-content\themes\fractional-university-theme\index.php on line 23
[09-Mar-2020 00:08:57 UTC] PHP Fatal error:  Uncaught Error: Call to undefined function the_post_author_link() in C:\Users\20101\Local Sites\amazing-colleage\app\public\wp-content\themes\fractional-university-theme\index.php:20
Stack trace:
#0 C:\Users\20101\Local Sites\amazing-colleage\app\public\wp-includes\template-loader.php(98): include()
#1 C:\Users\20101\Local Sites\amazing-colleage\app\public\wp-blog-header.php(19): require_once('C:\\Users\\20101\\...')
#2 C:\Users\20101\Local Sites\amazing-colleage\app\public\index.php(17): require('C:\\Users\\20101\\...')
#3 {main}
  thrown in C:\Users\20101\Local Sites\amazing-colleage\app\public\wp-content\themes\fractional-university-theme\index.php on line 20
[09-Mar-2020 21:54:11 UTC] PHP Fatal error:  Uncaught Error: Call to undefined function the_arvhice_title() in C:\Users\20101\Local Sites\amazing-colleage\app\public\wp-content\themes\fractional-university-theme\archive.php:5
Stack trace:
#0 C:\Users\20101\Local Sites\amazing-colleage\app\public\wp-includes\template-loader.php(98): include()
#1 C:\Users\20101\Local Sites\amazing-colleage\app\public\wp-blog-header.php(19): require_once('C:\\Users\\20101\\...')
#2 C:\Users\20101\Local Sites\amazing-colleage\app\public\index.php(17): require('C:\\Users\\20101\\...')
#3 {main}
  thrown in C:\Users\20101\Local Sites\amazing-colleage\app\public\wp-content\themes\fractional-university-theme\archive.php on line 5
[12-Mar-2020 20:39:45 UTC] PHP Fatal error:  Cannot redeclare university_features() (previously declared in C:\Users\20101\Local Sites\amazing-colleage\app\public\wp-content\mu-plugins\functions.php:11) in C:\Users\20101\Local Sites\amazing-colleage\app\public\wp-content\themes\fractional-university-theme\functions.php on line 11
[12-Mar-2020 20:39:45 UTC] PHP Stack trace:
[12-Mar-2020 20:39:45 UTC] PHP   1. {main}() C:\Users\20101\Local Sites\amazing-colleage\app\public\wp-admin\index.php:0
[12-Mar-2020 20:39:45 UTC] PHP   2. require_once() C:\Users\20101\Local Sites\amazing-colleage\app\public\wp-admin\index.php:10
[12-Mar-2020 20:39:45 UTC] PHP   3. require_once() C:\Users\20101\Local Sites\amazing-colleage\app\public\wp-admin\admin.php:34
[12-Mar-2020 20:39:45 UTC] PHP   4. require_once() C:\Users\20101\Local Sites\amazing-colleage\app\public\wp-load.php:37
[12-Mar-2020 20:39:45 UTC] PHP   5. require_once() C:\Users\20101\Local Sites\amazing-colleage\app\public\wp-config.php:77
[12-Mar-2020 20:43:00 UTC] PHP Fatal error:  Cannot redeclare university_features() (previously declared in C:\Users\20101\Local Sites\amazing-colleage\app\public\wp-content\mu-plugins\university_post_types.php:11) in C:\Users\20101\Local Sites\amazing-colleage\app\public\wp-content\themes\fractional-university-theme\functions.php on line 11
[12-Mar-2020 20:43:00 UTC] PHP Stack trace:
[12-Mar-2020 20:43:00 UTC] PHP   1. {main}() C:\Users\20101\Local Sites\amazing-colleage\app\public\wp-admin\index.php:0
[12-Mar-2020 20:43:00 UTC] PHP   2. require_once() C:\Users\20101\Local Sites\amazing-colleage\app\public\wp-admin\index.php:10
[12-Mar-2020 20:43:00 UTC] PHP   3. require_once() C:\Users\20101\Local Sites\amazing-colleage\app\public\wp-admin\admin.php:34
[12-Mar-2020 20:43:00 UTC] PHP   4. require_once() C:\Users\20101\Local Sites\amazing-colleage\app\public\wp-load.php:37
[12-Mar-2020 20:43:00 UTC] PHP   5. require_once() C:\Users\20101\Local Sites\amazing-colleage\app\public\wp-config.php:77
[12-Mar-2020 20:43:54 UTC] PHP Fatal error:  Cannot redeclare university_features() (previously declared in C:\Users\20101\Local Sites\amazing-colleage\app\public\wp-content\mu-plugins\university_post_types.php:11) in C:\Users\20101\Local Sites\amazing-colleage\app\public\wp-content\themes\fractional-university-theme\functions.php on line 11
[12-Mar-2020 20:43:54 UTC] PHP Stack trace:
[12-Mar-2020 20:43:54 UTC] PHP   1. {main}() C:\Users\20101\Local Sites\amazing-colleage\app\public\wp-admin\index.php:0
[12-Mar-2020 20:43:54 UTC] PHP   2. require_once() C:\Users\20101\Local Sites\amazing-colleage\app\public\wp-admin\index.php:10
[12-Mar-2020 20:43:54 UTC] PHP   3. require_once() C:\Users\20101\Local Sites\amazing-colleage\app\public\wp-admin\admin.php:34
[12-Mar-2020 20:43:54 UTC] PHP   4. require_once() C:\Users\20101\Local Sites\amazing-colleage\app\public\wp-load.php:37
[12-Mar-2020 20:43:54 UTC] PHP   5. require_once() C:\Users\20101\Local Sites\amazing-colleage\app\public\wp-config.php:77
[12-Mar-2020 20:44:18 UTC] PHP Fatal error:  Cannot redeclare university_features() (previously declared in C:\Users\20101\Local Sites\amazing-colleage\app\public\wp-content\mu-plugins\university_post_types.php:11) in C:\Users\20101\Local Sites\amazing-colleage\app\public\wp-content\themes\fractional-university-theme\functions.php on line 11
[12-Mar-2020 20:44:18 UTC] PHP Stack trace:
[12-Mar-2020 20:44:18 UTC] PHP   1. {main}() C:\Users\20101\Local Sites\amazing-colleage\app\public\wp-admin\index.php:0
[12-Mar-2020 20:44:18 UTC] PHP   2. require_once() C:\Users\20101\Local Sites\amazing-colleage\app\public\wp-admin\index.php:10
[12-Mar-2020 20:44:18 UTC] PHP   3. require_once() C:\Users\20101\Local Sites\amazing-colleage\app\public\wp-admin\admin.php:34
[12-Mar-2020 20:44:18 UTC] PHP   4. require_once() C:\Users\20101\Local Sites\amazing-colleage\app\public\wp-load.php:37
[12-Mar-2020 20:44:18 UTC] PHP   5. require_once() C:\Users\20101\Local Sites\amazing-colleage\app\public\wp-config.php:77
[12-Mar-2020 20:45:06 UTC] PHP Fatal error:  Cannot redeclare university_features() (previously declared in C:\Users\20101\Local Sites\amazing-colleage\app\public\wp-content\mu-plugins\university_post_types.php:11) in C:\Users\20101\Local Sites\amazing-colleage\app\public\wp-content\themes\fractional-university-theme\functions.php on line 11
[12-Mar-2020 20:45:06 UTC] PHP Stack trace:
[12-Mar-2020 20:45:06 UTC] PHP   1. {main}() C:\Users\20101\Local Sites\amazing-colleage\app\public\wp-admin\index.php:0
[12-Mar-2020 20:45:06 UTC] PHP   2. require_once() C:\Users\20101\Local Sites\amazing-colleage\app\public\wp-admin\index.php:10
[12-Mar-2020 20:45:06 UTC] PHP   3. require_once() C:\Users\20101\Local Sites\amazing-colleage\app\public\wp-admin\admin.php:34
[12-Mar-2020 20:45:06 UTC] PHP   4. require_once() C:\Users\20101\Local Sites\amazing-colleage\app\public\wp-load.php:37
[12-Mar-2020 20:45:06 UTC] PHP   5. require_once() C:\Users\20101\Local Sites\amazing-colleage\app\public\wp-config.php:77
[12-Mar-2020 20:45:21 UTC] PHP Fatal error:  Cannot redeclare university_features() (previously declared in C:\Users\20101\Local Sites\amazing-colleage\app\public\wp-content\mu-plugins\university_post_types.php:11) in C:\Users\20101\Local Sites\amazing-colleage\app\public\wp-content\themes\fractional-university-theme\functions.php on line 11
[12-Mar-2020 20:45:21 UTC] PHP Stack trace:
[12-Mar-2020 20:45:21 UTC] PHP   1. {main}() C:\Users\20101\Local Sites\amazing-colleage\app\public\index.php:0
[12-Mar-2020 20:45:21 UTC] PHP   2. require() C:\Users\20101\Local Sites\amazing-colleage\app\public\index.php:17
[12-Mar-2020 20:45:21 UTC] PHP   3. require_once() C:\Users\20101\Local Sites\amazing-colleage\app\public\wp-blog-header.php:13
[12-Mar-2020 20:45:21 UTC] PHP   4. require_once() C:\Users\20101\Local Sites\amazing-colleage\app\public\wp-load.php:37
[12-Mar-2020 20:45:21 UTC] PHP   5. require_once() C:\Users\20101\Local Sites\amazing-colleage\app\public\wp-config.php:77
[12-Mar-2020 20:46:53 UTC] PHP Fatal error:  Uncaught ArgumentCountError: Too few arguments to function register_post_type(), 0 passed in C:\Users\20101\Local Sites\amazing-colleage\app\public\wp-content\themes\fractional-university-theme\functions.php on line 23 and at least 1 expected in C:\Users\20101\Local Sites\amazing-colleage\app\public\wp-includes\post.php:1405
Stack trace:
#0 C:\Users\20101\Local Sites\amazing-colleage\app\public\wp-content\themes\fractional-university-theme\functions.php(23): register_post_type()
#1 C:\Users\20101\Local Sites\amazing-colleage\app\public\wp-includes\class-wp-hook.php(288): university_events('')
#2 C:\Users\20101\Local Sites\amazing-colleage\app\public\wp-includes\class-wp-hook.php(312): WP_Hook->apply_filters(NULL, Array)
#3 C:\Users\20101\Local Sites\amazing-colleage\app\public\wp-includes\plugin.php(478): WP_Hook->do_action(Array)
#4 C:\Users\20101\Local Sites\amazing-colleage\app\public\wp-settings.php(523): do_action('init')
#5 C:\Users\20101\Local Sites\amazing-colleage\app\public\wp-config.php(77): requir in C:\Users\20101\Local Sites\amazing-colleage\app\public\wp-includes\post.php on line 1405
[12-Mar-2020 21:07:18 UTC] PHP Parse error:  syntax error, unexpected end of file in C:\Users\20101\Local Sites\amazing-colleage\app\public\wp-content\mu-plugins\university_post_types.php on line 13
[12-Mar-2020 21:07:18 UTC] PHP Parse error:  syntax error, unexpected end of file in C:\Users\20101\Local Sites\amazing-colleage\app\public\wp-content\mu-plugins\university_post_types.php on line 13
[14-Mar-2020 22:43:57 UTC] PHP Parse error:  syntax error, unexpected ''has_archive'' (T_CONSTANT_ENCAPSED_STRING), expecting ')' in C:\Users\20101\Local Sites\amazing-colleage\app\public\wp-content\mu-plugins\university_post_types.php on line 5
